# JRE version: OpenJDK Runtime Environment (8.0_202-b03) (build 1.8.0_202-release-1483-b03)
# Java VM: OpenJDK 64-Bit Server VM (25.202-b03 mixed mode windows-amd64 compressed oops)
Heap:
 PSYoungGen      total 187392K, used 129755K [0x00000000e0000000, 0x00000000ed880000, 0x0000000100000000)
  eden space 175616K, 67% used [0x00000000e0000000,0x00000000e736e9f8,0x00000000eab80000)
  from space 11776K, 98% used [0x00000000ecd00000,0x00000000ed848558,0x00000000ed880000)
  to   space 20480K, 0% used [0x00000000eb080000,0x00000000eb080000,0x00000000ec480000)
 ParOldGen       total 226304K, used 36845K [0x00000000a0000000, 0x00000000add00000, 0x00000000e0000000)
  object space 226304K, 16% used [0x00000000a0000000,0x00000000a23fb7f8,0x00000000add00000)
 Metaspace       used 66624K, capacity 69018K, committed 69208K, reserved 1110016K
  class space    used 8736K, capacity 9261K, committed 9304K, reserved 1048576K
GC Heap History (10 events):
Event: 23.088 GC heap before
{Heap before GC invocations=9 (full 2):
 PSYoungGen      total 108032K, used 95744K [0x00000000e0000000, 0x00000000e8080000, 0x0000000100000000)
  eden space 95744K, 100% used [0x00000000e0000000,0x00000000e5d80000,0x00000000e5d80000)
  from space 12288K, 0% used [0x00000000e6a80000,0x00000000e6a80000,0x00000000e7680000)
  to   space 13312K, 0% used [0x00000000e5d80000,0x00000000e5d80000,0x00000000e6a80000)
 ParOldGen       total 157184K, used 18793K [0x00000000a0000000, 0x00000000a9980000, 0x00000000e0000000)
  object space 157184K, 11% used [0x00000000a0000000,0x00000000a125a7e0,0x00000000a9980000)
 Metaspace       used 44758K, capacity 45670K, committed 45952K, reserved 1089536K
  class space    used 6001K, capacity 6233K, committed 6272K, reserved 1048576K
Event: 23.107 GC heap after
Heap after GC invocations=9 (full 2):
 PSYoungGen      total 109056K, used 13302K [0x00000000e0000000, 0x00000000eac00000, 0x0000000100000000)
  eden space 95744K, 0% used [0x00000000e0000000,0x00000000e0000000,0x00000000e5d80000)
  from space 13312K, 99% used [0x00000000e5d80000,0x00000000e6a7dbf8,0x00000000e6a80000)
  to   space 14848K, 0% used [0x00000000e9d80000,0x00000000e9d80000,0x00000000eac00000)
 ParOldGen       total 157184K, used 19383K [0x00000000a0000000, 0x00000000a9980000, 0x00000000e0000000)
  object space 157184K, 12% used [0x00000000a0000000,0x00000000a12edce0,0x00000000a9980000)
 Metaspace       used 44758K, capacity 45670K, committed 45952K, reserved 1089536K
  class space    used 6001K, capacity 6233K, committed 6272K, reserved 1048576K
}
Event: 26.140 GC heap before
{Heap before GC invocations=10 (full 2):
 PSYoungGen      total 109056K, used 109046K [0x00000000e0000000, 0x00000000eac00000, 0x0000000100000000)
  eden space 95744K, 100% used [0x00000000e0000000,0x00000000e5d80000,0x00000000e5d80000)
  from space 13312K, 99% used [0x00000000e5d80000,0x00000000e6a7dbf8,0x00000000e6a80000)
  to   space 14848K, 0% used [0x00000000e9d80000,0x00000000e9d80000,0x00000000eac00000)
 ParOldGen       total 157184K, used 19383K [0x00000000a0000000, 0x00000000a9980000, 0x00000000e0000000)
  object space 157184K, 12% used [0x00000000a0000000,0x00000000a12edce0,0x00000000a9980000)
 Metaspace       used 50541K, capacity 51740K, committed 51968K, reserved 1093632K
  class space    used 6788K, capacity 7119K, committed 7168K, reserved 1048576K
Event: 26.168 GC heap after
Heap after GC invocations=10 (full 2):
 PSYoungGen      total 159232K, used 14832K [0x00000000e0000000, 0x00000000eae80000, 0x0000000100000000)
  eden space 144384K, 0% used [0x00000000e0000000,0x00000000e0000000,0x00000000e8d00000)
  from space 14848K, 99% used [0x00000000e9d80000,0x00000000eabfc188,0x00000000eac00000)
  to   space 16896K, 0% used [0x00000000e8d00000,0x00000000e8d00000,0x00000000e9d80000)
 ParOldGen       total 157184K, used 20183K [0x00000000a0000000, 0x00000000a9980000, 0x00000000e0000000)
  object space 157184K, 12% used [0x00000000a0000000,0x00000000a13b5ed0,0x00000000a9980000)
 Metaspace       used 50541K, capacity 51740K, committed 51968K, reserved 1093632K
  class space    used 6788K, capacity 7119K, committed 7168K, reserved 1048576K
}
Event: 28.560 GC heap before
{Heap before GC invocations=11 (full 2):
 PSYoungGen      total 159232K, used 128766K [0x00000000e0000000, 0x00000000eae80000, 0x0000000100000000)
  eden space 144384K, 78% used [0x00000000e0000000,0x00000000e6f43958,0x00000000e8d00000)
  from space 14848K, 99% used [0x00000000e9d80000,0x00000000eabfc188,0x00000000eac00000)
  to   space 16896K, 0% used [0x00000000e8d00000,0x00000000e8d00000,0x00000000e9d80000)
 ParOldGen       total 157184K, used 20183K [0x00000000a0000000, 0x00000000a9980000, 0x00000000e0000000)
  object space 157184K, 12% used [0x00000000a0000000,0x00000000a13b5ed0,0x00000000a9980000)
 Metaspace       used 57471K, capacity 58982K, committed 59096K, reserved 1099776K
  class space    used 7705K, capacity 8077K, committed 8152K, reserved 1048576K
Event: 28.586 GC heap after
Heap after GC invocations=11 (full 2):
 PSYoungGen      total 161280K, used 16884K [0x00000000e0000000, 0x00000000ee180000, 0x0000000100000000)
  eden space 144384K, 0% used [0x00000000e0000000,0x00000000e0000000,0x00000000e8d00000)
  from space 16896K, 99% used [0x00000000e8d00000,0x00000000e9d7d340,0x00000000e9d80000)
  to   space 20992K, 0% used [0x00000000ecd00000,0x00000000ecd00000,0x00000000ee180000)
 ParOldGen       total 157184K, used 26387K [0x00000000a0000000, 0x00000000a9980000, 0x00000000e0000000)
  object space 157184K, 16% used [0x00000000a0000000,0x00000000a19c4e88,0x00000000a9980000)
 Metaspace       used 57471K, capacity 58982K, committed 59096K, reserved 1099776K
  class space    used 7705K, capacity 8077K, committed 8152K, reserved 1048576K
}
Event: 28.586 GC heap before
{Heap before GC invocations=12 (full 3):
 PSYoungGen      total 161280K, used 16884K [0x00000000e0000000, 0x00000000ee180000, 0x0000000100000000)
  eden space 144384K, 0% used [0x00000000e0000000,0x00000000e0000000,0x00000000e8d00000)
  from space 16896K, 99% used [0x00000000e8d00000,0x00000000e9d7d340,0x00000000e9d80000)
  to   space 20992K, 0% used [0x00000000ecd00000,0x00000000ecd00000,0x00000000ee180000)
 ParOldGen       total 157184K, used 26387K [0x00000000a0000000, 0x00000000a9980000, 0x00000000e0000000)
  object space 157184K, 16% used [0x00000000a0000000,0x00000000a19c4e88,0x00000000a9980000)
 Metaspace       used 57471K, capacity 58982K, committed 59096K, reserved 1099776K
  class space    used 7705K, capacity 8077K, committed 8152K, reserved 1048576K
Event: 28.807 GC heap after
Heap after GC invocations=12 (full 3):
 PSYoungGen      total 161280K, used 0K [0x00000000e0000000, 0x00000000ee180000, 0x0000000100000000)
  eden space 144384K, 0% used [0x00000000e0000000,0x00000000e0000000,0x00000000e8d00000)
  from space 16896K, 0% used [0x00000000e8d00000,0x00000000e8d00000,0x00000000e9d80000)
  to   space 20992K, 0% used [0x00000000ecd00000,0x00000000ecd00000,0x00000000ee180000)
 ParOldGen       total 226304K, used 36837K [0x00000000a0000000, 0x00000000add00000, 0x00000000e0000000)
  object space 226304K, 16% used [0x00000000a0000000,0x00000000a23f97f8,0x00000000add00000)
 Metaspace       used 57471K, capacity 58982K, committed 59096K, reserved 1099776K
  class space    used 7705K, capacity 8077K, committed 8152K, reserved 1048576K
}
Event: 118.045 GC heap before
{Heap before GC invocations=13 (full 3):
 PSYoungGen      total 161280K, used 144384K [0x00000000e0000000, 0x00000000ee180000, 0x0000000100000000)
  eden space 144384K, 100% used [0x00000000e0000000,0x00000000e8d00000,0x00000000e8d00000)
  from space 16896K, 0% used [0x00000000e8d00000,0x00000000e8d00000,0x00000000e9d80000)
  to   space 20992K, 0% used [0x00000000ecd00000,0x00000000ecd00000,0x00000000ee180000)
 ParOldGen       total 226304K, used 36837K [0x00000000a0000000, 0x00000000add00000, 0x00000000e0000000)
  object space 226304K, 16% used [0x00000000a0000000,0x00000000a23f97f8,0x00000000add00000)
 Metaspace       used 64164K, capacity 66360K, committed 66648K, reserved 1107968K
  class space    used 8480K, capacity 8944K, committed 9048K, reserved 1048576K
Event: 118.061 GC heap after
Heap after GC invocations=13 (full 3):
 PSYoungGen      total 187392K, used 11553K [0x00000000e0000000, 0x00000000ed880000, 0x0000000100000000)
  eden space 175616K, 0% used [0x00000000e0000000,0x00000000e0000000,0x00000000eab80000)
  from space 11776K, 98% used [0x00000000ecd00000,0x00000000ed848558,0x00000000ed880000)
  to   space 20480K, 0% used [0x00000000eb080000,0x00000000eb080000,0x00000000ec480000)
 ParOldGen       total 226304K, used 36845K [0x00000000a0000000, 0x00000000add00000, 0x00000000e0000000)
  object space 226304K, 16% used [0x00000000a0000000,0x00000000a23fb7f8,0x00000000add00000)
 Metaspace       used 64164K, capacity 66360K, committed 66648K, reserved 1107968K
  class space    used 8480K, capacity 8944K, committed 9048K, reserved 1048576K
}

